2019-08-08 20:31:13.648 [main] INFO  com.gproject.center.CenterBoot - Starting CenterBoot on YW-01B-0535 with PID 9408 (E:\cai-code\git\gproject\center-server\target\classes started by YW1825 in E:\cai-code\git\gproject\center-server)
2019-08-08 20:31:13.650 [main] INFO  com.gproject.center.CenterBoot - No active profile set, falling back to default profiles: default
2019-08-08 20:31:13.686 [main] INFO  o.s.b.w.s.c.AnnotationConfigServletWebServerApplicationContext - Refreshing org.springframework.boot.web.servlet.context.AnnotationConfigServletWebServerApplicationContext@1aa7ecca: startup date [Thu Aug 08 20:31:13 CST 2019]; root of context hierarchy
2019-08-08 20:31:14.602 [main] INFO  o.s.c.s.PostProcessorRegistrationDelegate$BeanPostProcessorChecker - Bean 'org.springframework.transaction.annotation.ProxyTransactionManagementConfiguration' of type [org.springframework.transaction.annotation.ProxyTransactionManagementConfiguration$$EnhancerBySpringCGLIB$$4318d29f] is not eligible for getting processed by all BeanPostProcessors (for example: not eligible for auto-proxying)
2019-08-08 20:31:14.630 [main] INFO  o.s.c.s.PostProcessorRegistrationDelegate$BeanPostProcessorChecker - Bean 'com.alicp.jetcache.anno.config.JetCacheProxyConfiguration' of type [com.alicp.jetcache.anno.config.JetCacheProxyConfiguration$$EnhancerBySpringCGLIB$$4f8095b6] is not eligible for getting processed by all BeanPostProcessors (for example: not eligible for auto-proxying)
2019-08-08 20:31:14.936 [main] INFO  o.s.boot.web.embedded.tomcat.TomcatWebServer - Tomcat initialized with port(s): 9090 (http)
2019-08-08 20:31:14.948 [main] INFO  org.apache.coyote.http11.Http11NioProtocol - Initializing ProtocolHandler ["http-nio-9090"]
2019-08-08 20:31:14.958 [main] INFO  org.apache.catalina.core.StandardService - Starting service [Tomcat]
2019-08-08 20:31:14.958 [main] INFO  org.apache.catalina.core.StandardEngine - Starting Servlet Engine: Apache Tomcat/8.5.34
2019-08-08 20:31:14.962 [localhost-startStop-1] INFO  org.apache.catalina.core.AprLifecycleListener - The APR based Apache Tomcat Native library which allows optimal performance in production environments was not found on the java.library.path: [C:\Program Files\Java\jdk1.8.0_141\bin;C:\Windows\Sun\Java\bin;C:\Windows\system32;C:\Windows;C:/Program Files/Java/jre1.8.0_141/bin/server;C:/Program Files/Java/jre1.8.0_141/bin;C:/Program Files/Java/jre1.8.0_141/lib/amd64;C:\ProgramData\Oracle\Java\javapath;C:\Windows\system32;C:\Windows;C:\Windows\System32\Wbem;C:\Windows\System32\WindowsPowerShell\v1.0\;C:\Program Files\TortoiseSVN\bin;C:\Program Files (x86)\GtkSharp\2.12\bin;C:\Program Files\Git\cmd;C:\Program Files\Java\jdk1.8.0_141\bin;C:\Program Files\Java\jdk1.8.0_141\jre\bin;C:\Program Files\TortoiseGit\bin;E:\BaiduNetdiskDownload\spring-tool-suite-4-4.2.1.RELEASE-e4.11.0-win32.win32.x86_64\sts-4.2.1.RELEASE;;.]
2019-08-08 20:31:15.075 [localhost-startStop-1] INFO  o.a.c.core.ContainerBase.[Tomcat].[localhost].[/] - Initializing Spring embedded WebApplicationContext
2019-08-08 20:31:15.076 [localhost-startStop-1] INFO  org.springframework.web.context.ContextLoader - Root WebApplicationContext: initialization completed in 1391 ms
2019-08-08 20:31:15.139 [localhost-startStop-1] INFO  o.s.boot.web.servlet.ServletRegistrationBean - Servlet dispatcherServlet mapped to [/]
2019-08-08 20:31:15.143 [localhost-startStop-1] INFO  o.s.boot.web.servlet.FilterRegistrationBean - Mapping filter: 'characterEncodingFilter' to: [/*]
2019-08-08 20:31:15.144 [localhost-startStop-1] INFO  o.s.boot.web.servlet.FilterRegistrationBean - Mapping filter: 'hiddenHttpMethodFilter' to: [/*]
2019-08-08 20:31:15.144 [localhost-startStop-1] INFO  o.s.boot.web.servlet.FilterRegistrationBean - Mapping filter: 'httpPutFormContentFilter' to: [/*]
2019-08-08 20:31:15.144 [localhost-startStop-1] INFO  o.s.boot.web.servlet.FilterRegistrationBean - Mapping filter: 'requestContextFilter' to: [/*]
2019-08-08 20:31:15.314 [main] INFO  com.zaxxer.hikari.HikariDataSource - HikariPool-1 - Starting...
2019-08-08 20:31:15.533 [main] INFO  com.zaxxer.hikari.HikariDataSource - HikariPool-1 - Start completed.
2019-08-08 20:31:15.569 [main] INFO  o.s.orm.jpa.LocalContainerEntityManagerFactoryBean - Building JPA container EntityManagerFactory for persistence unit 'default'
2019-08-08 20:31:15.579 [main] INFO  org.hibernate.jpa.internal.util.LogHelper - HHH000204: Processing PersistenceUnitInfo [
	name: default
	...]
2019-08-08 20:31:15.713 [main] INFO  org.hibernate.Version - HHH000412: Hibernate Core {5.2.17.Final}
2019-08-08 20:31:15.715 [main] INFO  org.hibernate.cfg.Environment - HHH000206: hibernate.properties not found
2019-08-08 20:31:15.809 [main] INFO  org.hibernate.annotations.common.Version - HCANN000001: Hibernate Commons Annotations {5.0.1.Final}
2019-08-08 20:31:16.000 [main] INFO  org.hibernate.dialect.Dialect - HHH000400: Using dialect: org.hibernate.dialect.MySQL5Dialect
2019-08-08 20:31:16.097 [main] WARN  o.s.b.w.s.c.AnnotationConfigServletWebServerApplicationContext - Exception encountered during context initialization - cancelling refresh attempt: org.springframework.beans.factory.BeanCreationException: Error creating bean with name 'entityManagerFactory' defined in class path resource [org/springframework/boot/autoconfigure/orm/jpa/HibernateJpaConfiguration.class]: Invocation of init method failed; nested exception is org.hibernate.AnnotationException: No identifier specified for entity: com.gproject.center.pojo.PlayerRole_Table_DEF$PlayerRole_Table
2019-08-08 20:31:16.097 [main] INFO  com.zaxxer.hikari.HikariDataSource - HikariPool-1 - Shutdown initiated...
2019-08-08 20:31:16.100 [main] INFO  com.zaxxer.hikari.HikariDataSource - HikariPool-1 - Shutdown completed.
2019-08-08 20:31:16.102 [main] INFO  org.apache.catalina.core.StandardService - Stopping service [Tomcat]
2019-08-08 20:31:16.114 [main] INFO  o.s.b.a.l.ConditionEvaluationReportLoggingListener - 

Error starting ApplicationContext. To display the conditions report re-run your application with 'debug' enabled.
2019-08-08 20:31:16.121 [main] ERROR org.springframework.boot.SpringApplication - Application run failed
org.springframework.beans.factory.BeanCreationException: Error creating bean with name 'entityManagerFactory' defined in class path resource [org/springframework/boot/autoconfigure/orm/jpa/HibernateJpaConfiguration.class]: Invocation of init method failed; nested exception is org.hibernate.AnnotationException: No identifier specified for entity: com.gproject.center.pojo.PlayerRole_Table_DEF$PlayerRole_Table
	at org.springframework.beans.factory.support.AbstractAutowireCapableBeanFactory.initializeBean(AbstractAutowireCapableBeanFactory.java:1699)
	at org.springframework.beans.factory.support.AbstractAutowireCapableBeanFactory.doCreateBean(AbstractAutowireCapableBeanFactory.java:573)
	at org.springframework.beans.factory.support.AbstractAutowireCapableBeanFactory.createBean(AbstractAutowireCapableBeanFactory.java:495)
	at org.springframework.beans.factory.support.AbstractBeanFactory.lambda$doGetBean$0(AbstractBeanFactory.java:317)
	at org.springframework.beans.factory.support.DefaultSingletonBeanRegistry.getSingleton(DefaultSingletonBeanRegistry.java:222)
	at org.springframework.beans.factory.support.AbstractBeanFactory.doGetBean(AbstractBeanFactory.java:315)
	at org.springframework.beans.factory.support.AbstractBeanFactory.getBean(AbstractBeanFactory.java:199)
	at org.springframework.context.support.AbstractApplicationContext.getBean(AbstractApplicationContext.java:1089)
	at org.springframework.context.support.AbstractApplicationContext.finishBeanFactoryInitialization(AbstractApplicationContext.java:859)
	at org.springframework.context.support.AbstractApplicationContext.refresh(AbstractApplicationContext.java:550)
	at org.springframework.boot.web.servlet.context.ServletWebServerApplicationContext.refresh(ServletWebServerApplicationContext.java:140)
	at org.springframework.boot.SpringApplication.refresh(SpringApplication.java:780)
	at org.springframework.boot.SpringApplication.refreshContext(SpringApplication.java:412)
	at org.springframework.boot.SpringApplication.run(SpringApplication.java:333)
	at com.gproject.center.CenterBoot.main(CenterBoot.java:26)
Caused by: org.hibernate.AnnotationException: No identifier specified for entity: com.gproject.center.pojo.PlayerRole_Table_DEF$PlayerRole_Table
	at org.hibernate.cfg.InheritanceState.determineDefaultAccessType(InheritanceState.java:266)
	at org.hibernate.cfg.InheritanceState.getElementsToProcess(InheritanceState.java:211)
	at org.hibernate.cfg.AnnotationBinder.bindClass(AnnotationBinder.java:731)
	at org.hibernate.boot.model.source.internal.annotations.AnnotationMetadataSourceProcessorImpl.processEntityHierarchies(AnnotationMetadataSourceProcessorImpl.java:249)
	at org.hibernate.boot.model.process.spi.MetadataBuildingProcess$1.processEntityHierarchies(MetadataBuildingProcess.java:222)
	at org.hibernate.boot.model.process.spi.MetadataBuildingProcess.complete(MetadataBuildingProcess.java:265)
	at org.hibernate.jpa.boot.internal.EntityManagerFactoryBuilderImpl.metadata(EntityManagerFactoryBuilderImpl.java:861)
	at org.hibernate.jpa.boot.internal.EntityManagerFactoryBuilderImpl.build(EntityManagerFactoryBuilderImpl.java:888)
	at org.springframework.orm.jpa.vendor.SpringHibernateJpaPersistenceProvider.createContainerEntityManagerFactory(SpringHibernateJpaPersistenceProvider.java:57)
	at org.springframework.orm.jpa.LocalContainerEntityManagerFactoryBean.createNativeEntityManagerFactory(LocalContainerEntityManagerFactoryBean.java:365)
	at org.springframework.orm.jpa.AbstractEntityManagerFactoryBean.buildNativeEntityManagerFactory(AbstractEntityManagerFactoryBean.java:390)
	at org.springframework.orm.jpa.AbstractEntityManagerFactoryBean.afterPropertiesSet(AbstractEntityManagerFactoryBean.java:377)
	at org.springframework.orm.jpa.LocalContainerEntityManagerFactoryBean.afterPropertiesSet(LocalContainerEntityManagerFactoryBean.java:341)
	at org.springframework.beans.factory.support.AbstractAutowireCapableBeanFactory.invokeInitMethods(AbstractAutowireCapableBeanFactory.java:1758)
	at org.springframework.beans.factory.support.AbstractAutowireCapableBeanFactory.initializeBean(AbstractAutowireCapableBeanFactory.java:1695)
	... 14 common frames omitted
2019-08-08 20:32:48.542 [main] INFO  com.gproject.center.CenterBoot - Starting CenterBoot on YW-01B-0535 with PID 8032 (E:\cai-code\git\gproject\center-server\target\classes started by YW1825 in E:\cai-code\git\gproject\center-server)
2019-08-08 20:32:48.545 [main] INFO  com.gproject.center.CenterBoot - No active profile set, falling back to default profiles: default
2019-08-08 20:32:48.579 [main] INFO  o.s.b.w.s.c.AnnotationConfigServletWebServerApplicationContext - Refreshing org.springframework.boot.web.servlet.context.AnnotationConfigServletWebServerApplicationContext@4a94ee4: startup date [Thu Aug 08 20:32:48 CST 2019]; root of context hierarchy
2019-08-08 20:32:49.538 [main] INFO  o.s.c.s.PostProcessorRegistrationDelegate$BeanPostProcessorChecker - Bean 'org.springframework.transaction.annotation.ProxyTransactionManagementConfiguration' of type [org.springframework.transaction.annotation.ProxyTransactionManagementConfiguration$$EnhancerBySpringCGLIB$$9ada7e26] is not eligible for getting processed by all BeanPostProcessors (for example: not eligible for auto-proxying)
2019-08-08 20:32:49.568 [main] INFO  o.s.c.s.PostProcessorRegistrationDelegate$BeanPostProcessorChecker - Bean 'com.alicp.jetcache.anno.config.JetCacheProxyConfiguration' of type [com.alicp.jetcache.anno.config.JetCacheProxyConfiguration$$EnhancerBySpringCGLIB$$a742413d] is not eligible for getting processed by all BeanPostProcessors (for example: not eligible for auto-proxying)
2019-08-08 20:32:49.881 [main] INFO  o.s.boot.web.embedded.tomcat.TomcatWebServer - Tomcat initialized with port(s): 9090 (http)
2019-08-08 20:32:49.893 [main] INFO  org.apache.coyote.http11.Http11NioProtocol - Initializing ProtocolHandler ["http-nio-9090"]
2019-08-08 20:32:49.903 [main] INFO  org.apache.catalina.core.StandardService - Starting service [Tomcat]
2019-08-08 20:32:49.904 [main] INFO  org.apache.catalina.core.StandardEngine - Starting Servlet Engine: Apache Tomcat/8.5.34
2019-08-08 20:32:49.908 [localhost-startStop-1] INFO  org.apache.catalina.core.AprLifecycleListener - The APR based Apache Tomcat Native library which allows optimal performance in production environments was not found on the java.library.path: [C:\Program Files\Java\jdk1.8.0_141\bin;C:\Windows\Sun\Java\bin;C:\Windows\system32;C:\Windows;C:/Program Files/Java/jre1.8.0_141/bin/server;C:/Program Files/Java/jre1.8.0_141/bin;C:/Program Files/Java/jre1.8.0_141/lib/amd64;C:\ProgramData\Oracle\Java\javapath;C:\Windows\system32;C:\Windows;C:\Windows\System32\Wbem;C:\Windows\System32\WindowsPowerShell\v1.0\;C:\Program Files\TortoiseSVN\bin;C:\Program Files (x86)\GtkSharp\2.12\bin;C:\Program Files\Git\cmd;C:\Program Files\Java\jdk1.8.0_141\bin;C:\Program Files\Java\jdk1.8.0_141\jre\bin;C:\Program Files\TortoiseGit\bin;E:\BaiduNetdiskDownload\spring-tool-suite-4-4.2.1.RELEASE-e4.11.0-win32.win32.x86_64\sts-4.2.1.RELEASE;;.]
2019-08-08 20:32:50.029 [localhost-startStop-1] INFO  o.a.c.core.ContainerBase.[Tomcat].[localhost].[/] - Initializing Spring embedded WebApplicationContext
2019-08-08 20:32:50.030 [localhost-startStop-1] INFO  org.springframework.web.context.ContextLoader - Root WebApplicationContext: initialization completed in 1451 ms
2019-08-08 20:32:50.097 [localhost-startStop-1] INFO  o.s.boot.web.servlet.ServletRegistrationBean - Servlet dispatcherServlet mapped to [/]
2019-08-08 20:32:50.101 [localhost-startStop-1] INFO  o.s.boot.web.servlet.FilterRegistrationBean - Mapping filter: 'characterEncodingFilter' to: [/*]
2019-08-08 20:32:50.101 [localhost-startStop-1] INFO  o.s.boot.web.servlet.FilterRegistrationBean - Mapping filter: 'hiddenHttpMethodFilter' to: [/*]
2019-08-08 20:32:50.102 [localhost-startStop-1] INFO  o.s.boot.web.servlet.FilterRegistrationBean - Mapping filter: 'httpPutFormContentFilter' to: [/*]
2019-08-08 20:32:50.102 [localhost-startStop-1] INFO  o.s.boot.web.servlet.FilterRegistrationBean - Mapping filter: 'requestContextFilter' to: [/*]
2019-08-08 20:32:50.222 [main] INFO  com.zaxxer.hikari.HikariDataSource - HikariPool-1 - Starting...
2019-08-08 20:32:50.368 [main] INFO  com.zaxxer.hikari.HikariDataSource - HikariPool-1 - Start completed.
2019-08-08 20:32:50.405 [main] INFO  o.s.orm.jpa.LocalContainerEntityManagerFactoryBean - Building JPA container EntityManagerFactory for persistence unit 'default'
2019-08-08 20:32:50.482 [main] INFO  org.hibernate.jpa.internal.util.LogHelper - HHH000204: Processing PersistenceUnitInfo [
	name: default
	...]
2019-08-08 20:32:50.542 [main] INFO  org.hibernate.Version - HHH000412: Hibernate Core {5.2.17.Final}
2019-08-08 20:32:50.544 [main] INFO  org.hibernate.cfg.Environment - HHH000206: hibernate.properties not found
2019-08-08 20:32:50.578 [main] INFO  org.hibernate.annotations.common.Version - HCANN000001: Hibernate Commons Annotations {5.0.1.Final}
2019-08-08 20:32:50.738 [main] INFO  org.hibernate.dialect.Dialect - HHH000400: Using dialect: org.hibernate.dialect.MySQL5Dialect
2019-08-08 20:32:50.836 [main] WARN  o.s.b.w.s.c.AnnotationConfigServletWebServerApplicationContext - Exception encountered during context initialization - cancelling refresh attempt: org.springframework.beans.factory.BeanCreationException: Error creating bean with name 'entityManagerFactory' defined in class path resource [org/springframework/boot/autoconfigure/orm/jpa/HibernateJpaConfiguration.class]: Invocation of init method failed; nested exception is org.hibernate.AnnotationException: No identifier specified for entity: com.gproject.center.pojo.PlayerRole_Table_DEF$PlayerRole_Table
2019-08-08 20:32:50.836 [main] INFO  com.zaxxer.hikari.HikariDataSource - HikariPool-1 - Shutdown initiated...
2019-08-08 20:32:50.841 [main] INFO  com.zaxxer.hikari.HikariDataSource - HikariPool-1 - Shutdown completed.
2019-08-08 20:32:50.843 [main] INFO  org.apache.catalina.core.StandardService - Stopping service [Tomcat]
2019-08-08 20:32:50.853 [main] INFO  o.s.b.a.l.ConditionEvaluationReportLoggingListener - 

Error starting ApplicationContext. To display the conditions report re-run your application with 'debug' enabled.
2019-08-08 20:32:50.861 [main] ERROR org.springframework.boot.SpringApplication - Application run failed
org.springframework.beans.factory.BeanCreationException: Error creating bean with name 'entityManagerFactory' defined in class path resource [org/springframework/boot/autoconfigure/orm/jpa/HibernateJpaConfiguration.class]: Invocation of init method failed; nested exception is org.hibernate.AnnotationException: No identifier specified for entity: com.gproject.center.pojo.PlayerRole_Table_DEF$PlayerRole_Table
	at org.springframework.beans.factory.support.AbstractAutowireCapableBeanFactory.initializeBean(AbstractAutowireCapableBeanFactory.java:1699)
	at org.springframework.beans.factory.support.AbstractAutowireCapableBeanFactory.doCreateBean(AbstractAutowireCapableBeanFactory.java:573)
	at org.springframework.beans.factory.support.AbstractAutowireCapableBeanFactory.createBean(AbstractAutowireCapableBeanFactory.java:495)
	at org.springframework.beans.factory.support.AbstractBeanFactory.lambda$doGetBean$0(AbstractBeanFactory.java:317)
	at org.springframework.beans.factory.support.DefaultSingletonBeanRegistry.getSingleton(DefaultSingletonBeanRegistry.java:222)
	at org.springframework.beans.factory.support.AbstractBeanFactory.doGetBean(AbstractBeanFactory.java:315)
	at org.springframework.beans.factory.support.AbstractBeanFactory.getBean(AbstractBeanFactory.java:199)
	at org.springframework.context.support.AbstractApplicationContext.getBean(AbstractApplicationContext.java:1089)
	at org.springframework.context.support.AbstractApplicationContext.finishBeanFactoryInitialization(AbstractApplicationContext.java:859)
	at org.springframework.context.support.AbstractApplicationContext.refresh(AbstractApplicationContext.java:550)
	at org.springframework.boot.web.servlet.context.ServletWebServerApplicationContext.refresh(ServletWebServerApplicationContext.java:140)
	at org.springframework.boot.SpringApplication.refresh(SpringApplication.java:780)
	at org.springframework.boot.SpringApplication.refreshContext(SpringApplication.java:412)
	at org.springframework.boot.SpringApplication.run(SpringApplication.java:333)
	at com.gproject.center.CenterBoot.main(CenterBoot.java:26)
Caused by: org.hibernate.AnnotationException: No identifier specified for entity: com.gproject.center.pojo.PlayerRole_Table_DEF$PlayerRole_Table
	at org.hibernate.cfg.InheritanceState.determineDefaultAccessType(InheritanceState.java:266)
	at org.hibernate.cfg.InheritanceState.getElementsToProcess(InheritanceState.java:211)
	at org.hibernate.cfg.AnnotationBinder.bindClass(AnnotationBinder.java:731)
	at org.hibernate.boot.model.source.internal.annotations.AnnotationMetadataSourceProcessorImpl.processEntityHierarchies(AnnotationMetadataSourceProcessorImpl.java:249)
	at org.hibernate.boot.model.process.spi.MetadataBuildingProcess$1.processEntityHierarchies(MetadataBuildingProcess.java:222)
	at org.hibernate.boot.model.process.spi.MetadataBuildingProcess.complete(MetadataBuildingProcess.java:265)
	at org.hibernate.jpa.boot.internal.EntityManagerFactoryBuilderImpl.metadata(EntityManagerFactoryBuilderImpl.java:861)
	at org.hibernate.jpa.boot.internal.EntityManagerFactoryBuilderImpl.build(EntityManagerFactoryBuilderImpl.java:888)
	at org.springframework.orm.jpa.vendor.SpringHibernateJpaPersistenceProvider.createContainerEntityManagerFactory(SpringHibernateJpaPersistenceProvider.java:57)
	at org.springframework.orm.jpa.LocalContainerEntityManagerFactoryBean.createNativeEntityManagerFactory(LocalContainerEntityManagerFactoryBean.java:365)
	at org.springframework.orm.jpa.AbstractEntityManagerFactoryBean.buildNativeEntityManagerFactory(AbstractEntityManagerFactoryBean.java:390)
	at org.springframework.orm.jpa.AbstractEntityManagerFactoryBean.afterPropertiesSet(AbstractEntityManagerFactoryBean.java:377)
	at org.springframework.orm.jpa.LocalContainerEntityManagerFactoryBean.afterPropertiesSet(LocalContainerEntityManagerFactoryBean.java:341)
	at org.springframework.beans.factory.support.AbstractAutowireCapableBeanFactory.invokeInitMethods(AbstractAutowireCapableBeanFactory.java:1758)
	at org.springframework.beans.factory.support.AbstractAutowireCapableBeanFactory.initializeBean(AbstractAutowireCapableBeanFactory.java:1695)
	... 14 common frames omitted
2019-08-08 20:34:02.095 [main] INFO  com.gproject.center.CenterBoot - Starting CenterBoot on YW-01B-0535 with PID 9564 (E:\cai-code\git\gproject\center-server\target\classes started by YW1825 in E:\cai-code\git\gproject\center-server)
2019-08-08 20:34:02.097 [main] INFO  com.gproject.center.CenterBoot - No active profile set, falling back to default profiles: default
2019-08-08 20:34:02.132 [main] INFO  o.s.b.w.s.c.AnnotationConfigServletWebServerApplicationContext - Refreshing org.springframework.boot.web.servlet.context.AnnotationConfigServletWebServerApplicationContext@4466af20: startup date [Thu Aug 08 20:34:02 CST 2019]; root of context hierarchy
2019-08-08 20:34:03.063 [main] INFO  o.s.c.s.PostProcessorRegistrationDelegate$BeanPostProcessorChecker - Bean 'org.springframework.transaction.annotation.ProxyTransactionManagementConfiguration' of type [org.springframework.transaction.annotation.ProxyTransactionManagementConfiguration$$EnhancerBySpringCGLIB$$5df777a7] is not eligible for getting processed by all BeanPostProcessors (for example: not eligible for auto-proxying)
2019-08-08 20:34:03.091 [main] INFO  o.s.c.s.PostProcessorRegistrationDelegate$BeanPostProcessorChecker - Bean 'com.alicp.jetcache.anno.config.JetCacheProxyConfiguration' of type [com.alicp.jetcache.anno.config.JetCacheProxyConfiguration$$EnhancerBySpringCGLIB$$6a5f3abe] is not eligible for getting processed by all BeanPostProcessors (for example: not eligible for auto-proxying)
2019-08-08 20:34:03.410 [main] INFO  o.s.boot.web.embedded.tomcat.TomcatWebServer - Tomcat initialized with port(s): 9090 (http)
2019-08-08 20:34:03.421 [main] INFO  org.apache.coyote.http11.Http11NioProtocol - Initializing ProtocolHandler ["http-nio-9090"]
2019-08-08 20:34:03.431 [main] INFO  org.apache.catalina.core.StandardService - Starting service [Tomcat]
2019-08-08 20:34:03.432 [main] INFO  org.apache.catalina.core.StandardEngine - Starting Servlet Engine: Apache Tomcat/8.5.34
2019-08-08 20:34:03.435 [localhost-startStop-1] INFO  org.apache.catalina.core.AprLifecycleListener - The APR based Apache Tomcat Native library which allows optimal performance in production environments was not found on the java.library.path: [C:\Program Files\Java\jdk1.8.0_141\bin;C:\Windows\Sun\Java\bin;C:\Windows\system32;C:\Windows;C:/Program Files/Java/jre1.8.0_141/bin/server;C:/Program Files/Java/jre1.8.0_141/bin;C:/Program Files/Java/jre1.8.0_141/lib/amd64;C:\ProgramData\Oracle\Java\javapath;C:\Windows\system32;C:\Windows;C:\Windows\System32\Wbem;C:\Windows\System32\WindowsPowerShell\v1.0\;C:\Program Files\TortoiseSVN\bin;C:\Program Files (x86)\GtkSharp\2.12\bin;C:\Program Files\Git\cmd;C:\Program Files\Java\jdk1.8.0_141\bin;C:\Program Files\Java\jdk1.8.0_141\jre\bin;C:\Program Files\TortoiseGit\bin;E:\BaiduNetdiskDownload\spring-tool-suite-4-4.2.1.RELEASE-e4.11.0-win32.win32.x86_64\sts-4.2.1.RELEASE;;.]
2019-08-08 20:34:03.553 [localhost-startStop-1] INFO  o.a.c.core.ContainerBase.[Tomcat].[localhost].[/] - Initializing Spring embedded WebApplicationContext
2019-08-08 20:34:03.553 [localhost-startStop-1] INFO  org.springframework.web.context.ContextLoader - Root WebApplicationContext: initialization completed in 1421 ms
2019-08-08 20:34:03.621 [localhost-startStop-1] INFO  o.s.boot.web.servlet.ServletRegistrationBean - Servlet dispatcherServlet mapped to [/]
2019-08-08 20:34:03.626 [localhost-startStop-1] INFO  o.s.boot.web.servlet.FilterRegistrationBean - Mapping filter: 'characterEncodingFilter' to: [/*]
2019-08-08 20:34:03.626 [localhost-startStop-1] INFO  o.s.boot.web.servlet.FilterRegistrationBean - Mapping filter: 'hiddenHttpMethodFilter' to: [/*]
2019-08-08 20:34:03.626 [localhost-startStop-1] INFO  o.s.boot.web.servlet.FilterRegistrationBean - Mapping filter: 'httpPutFormContentFilter' to: [/*]
2019-08-08 20:34:03.627 [localhost-startStop-1] INFO  o.s.boot.web.servlet.FilterRegistrationBean - Mapping filter: 'requestContextFilter' to: [/*]
2019-08-08 20:34:03.752 [main] INFO  com.zaxxer.hikari.HikariDataSource - HikariPool-1 - Starting...
2019-08-08 20:34:03.912 [main] INFO  com.zaxxer.hikari.HikariDataSource - HikariPool-1 - Start completed.
2019-08-08 20:34:03.951 [main] INFO  o.s.orm.jpa.LocalContainerEntityManagerFactoryBean - Building JPA container EntityManagerFactory for persistence unit 'default'
2019-08-08 20:34:04.043 [main] INFO  org.hibernate.jpa.internal.util.LogHelper - HHH000204: Processing PersistenceUnitInfo [
	name: default
	...]
2019-08-08 20:34:04.104 [main] INFO  org.hibernate.Version - HHH000412: Hibernate Core {5.2.17.Final}
2019-08-08 20:34:04.106 [main] INFO  org.hibernate.cfg.Environment - HHH000206: hibernate.properties not found
2019-08-08 20:34:04.141 [main] INFO  org.hibernate.annotations.common.Version - HCANN000001: Hibernate Commons Annotations {5.0.1.Final}
2019-08-08 20:34:04.305 [main] INFO  org.hibernate.dialect.Dialect - HHH000400: Using dialect: org.hibernate.dialect.MySQL5Dialect
2019-08-08 20:34:04.406 [main] WARN  o.s.b.w.s.c.AnnotationConfigServletWebServerApplicationContext - Exception encountered during context initialization - cancelling refresh attempt: org.springframework.beans.factory.BeanCreationException: Error creating bean with name 'entityManagerFactory' defined in class path resource [org/springframework/boot/autoconfigure/orm/jpa/HibernateJpaConfiguration.class]: Invocation of init method failed; nested exception is org.hibernate.AnnotationException: No identifier specified for entity: com.gproject.center.pojo.PlayerRole_Table_DEF$PlayerRole_Table
2019-08-08 20:34:04.407 [main] INFO  com.zaxxer.hikari.HikariDataSource - HikariPool-1 - Shutdown initiated...
2019-08-08 20:34:04.410 [main] INFO  com.zaxxer.hikari.HikariDataSource - HikariPool-1 - Shutdown completed.
2019-08-08 20:34:04.412 [main] INFO  org.apache.catalina.core.StandardService - Stopping service [Tomcat]
2019-08-08 20:34:04.424 [main] INFO  o.s.b.a.l.ConditionEvaluationReportLoggingListener - 

Error starting ApplicationContext. To display the conditions report re-run your application with 'debug' enabled.
2019-08-08 20:34:04.431 [main] ERROR org.springframework.boot.SpringApplication - Application run failed
org.springframework.beans.factory.BeanCreationException: Error creating bean with name 'entityManagerFactory' defined in class path resource [org/springframework/boot/autoconfigure/orm/jpa/HibernateJpaConfiguration.class]: Invocation of init method failed; nested exception is org.hibernate.AnnotationException: No identifier specified for entity: com.gproject.center.pojo.PlayerRole_Table_DEF$PlayerRole_Table
	at org.springframework.beans.factory.support.AbstractAutowireCapableBeanFactory.initializeBean(AbstractAutowireCapableBeanFactory.java:1699)
	at org.springframework.beans.factory.support.AbstractAutowireCapableBeanFactory.doCreateBean(AbstractAutowireCapableBeanFactory.java:573)
	at org.springframework.beans.factory.support.AbstractAutowireCapableBeanFactory.createBean(AbstractAutowireCapableBeanFactory.java:495)
	at org.springframework.beans.factory.support.AbstractBeanFactory.lambda$doGetBean$0(AbstractBeanFactory.java:317)
	at org.springframework.beans.factory.support.DefaultSingletonBeanRegistry.getSingleton(DefaultSingletonBeanRegistry.java:222)
	at org.springframework.beans.factory.support.AbstractBeanFactory.doGetBean(AbstractBeanFactory.java:315)
	at org.springframework.beans.factory.support.AbstractBeanFactory.getBean(AbstractBeanFactory.java:199)
	at org.springframework.context.support.AbstractApplicationContext.getBean(AbstractApplicationContext.java:1089)
	at org.springframework.context.support.AbstractApplicationContext.finishBeanFactoryInitialization(AbstractApplicationContext.java:859)
	at org.springframework.context.support.AbstractApplicationContext.refresh(AbstractApplicationContext.java:550)
	at org.springframework.boot.web.servlet.context.ServletWebServerApplicationContext.refresh(ServletWebServerApplicationContext.java:140)
	at org.springframework.boot.SpringApplication.refresh(SpringApplication.java:780)
	at org.springframework.boot.SpringApplication.refreshContext(SpringApplication.java:412)
	at org.springframework.boot.SpringApplication.run(SpringApplication.java:333)
	at com.gproject.center.CenterBoot.main(CenterBoot.java:26)
Caused by: org.hibernate.AnnotationException: No identifier specified for entity: com.gproject.center.pojo.PlayerRole_Table_DEF$PlayerRole_Table
	at org.hibernate.cfg.InheritanceState.determineDefaultAccessType(InheritanceState.java:266)
	at org.hibernate.cfg.InheritanceState.getElementsToProcess(InheritanceState.java:211)
	at org.hibernate.cfg.AnnotationBinder.bindClass(AnnotationBinder.java:731)
	at org.hibernate.boot.model.source.internal.annotations.AnnotationMetadataSourceProcessorImpl.processEntityHierarchies(AnnotationMetadataSourceProcessorImpl.java:249)
	at org.hibernate.boot.model.process.spi.MetadataBuildingProcess$1.processEntityHierarchies(MetadataBuildingProcess.java:222)
	at org.hibernate.boot.model.process.spi.MetadataBuildingProcess.complete(MetadataBuildingProcess.java:265)
	at org.hibernate.jpa.boot.internal.EntityManagerFactoryBuilderImpl.metadata(EntityManagerFactoryBuilderImpl.java:861)
	at org.hibernate.jpa.boot.internal.EntityManagerFactoryBuilderImpl.build(EntityManagerFactoryBuilderImpl.java:888)
	at org.springframework.orm.jpa.vendor.SpringHibernateJpaPersistenceProvider.createContainerEntityManagerFactory(SpringHibernateJpaPersistenceProvider.java:57)
	at org.springframework.orm.jpa.LocalContainerEntityManagerFactoryBean.createNativeEntityManagerFactory(LocalContainerEntityManagerFactoryBean.java:365)
	at org.springframework.orm.jpa.AbstractEntityManagerFactoryBean.buildNativeEntityManagerFactory(AbstractEntityManagerFactoryBean.java:390)
	at org.springframework.orm.jpa.AbstractEntityManagerFactoryBean.afterPropertiesSet(AbstractEntityManagerFactoryBean.java:377)
	at org.springframework.orm.jpa.LocalContainerEntityManagerFactoryBean.afterPropertiesSet(LocalContainerEntityManagerFactoryBean.java:341)
	at org.springframework.beans.factory.support.AbstractAutowireCapableBeanFactory.invokeInitMethods(AbstractAutowireCapableBeanFactory.java:1758)
	at org.springframework.beans.factory.support.AbstractAutowireCapableBeanFactory.initializeBean(AbstractAutowireCapableBeanFactory.java:1695)
	... 14 common frames omitted
2019-08-08 20:37:00.936 [main] INFO  com.gproject.center.CenterBoot - Starting CenterBoot on YW-01B-0535 with PID 8940 (E:\cai-code\git\gproject\center-server\target\classes started by YW1825 in E:\cai-code\git\gproject\center-server)
2019-08-08 20:37:00.938 [main] INFO  com.gproject.center.CenterBoot - No active profile set, falling back to default profiles: default
2019-08-08 20:37:00.975 [main] INFO  o.s.b.w.s.c.AnnotationConfigServletWebServerApplicationContext - Refreshing org.springframework.boot.web.servlet.context.AnnotationConfigServletWebServerApplicationContext@6379eb: startup date [Thu Aug 08 20:37:00 CST 2019]; root of context hierarchy
2019-08-08 20:37:01.913 [main] INFO  o.s.c.s.PostProcessorRegistrationDelegate$BeanPostProcessorChecker - Bean 'org.springframework.transaction.annotation.ProxyTransactionManagementConfiguration' of type [org.springframework.transaction.annotation.ProxyTransactionManagementConfiguration$$EnhancerBySpringCGLIB$$b17dc540] is not eligible for getting processed by all BeanPostProcessors (for example: not eligible for auto-proxying)
2019-08-08 20:37:01.943 [main] INFO  o.s.c.s.PostProcessorRegistrationDelegate$BeanPostProcessorChecker - Bean 'com.alicp.jetcache.anno.config.JetCacheProxyConfiguration' of type [com.alicp.jetcache.anno.config.JetCacheProxyConfiguration$$EnhancerBySpringCGLIB$$bde58857] is not eligible for getting processed by all BeanPostProcessors (for example: not eligible for auto-proxying)
2019-08-08 20:37:02.264 [main] INFO  o.s.boot.web.embedded.tomcat.TomcatWebServer - Tomcat initialized with port(s): 9090 (http)
2019-08-08 20:37:02.276 [main] INFO  org.apache.coyote.http11.Http11NioProtocol - Initializing ProtocolHandler ["http-nio-9090"]
2019-08-08 20:37:02.286 [main] INFO  org.apache.catalina.core.StandardService - Starting service [Tomcat]
2019-08-08 20:37:02.286 [main] INFO  org.apache.catalina.core.StandardEngine - Starting Servlet Engine: Apache Tomcat/8.5.34
2019-08-08 20:37:02.289 [localhost-startStop-1] INFO  org.apache.catalina.core.AprLifecycleListener - The APR based Apache Tomcat Native library which allows optimal performance in production environments was not found on the java.library.path: [C:\Program Files\Java\jdk1.8.0_141\bin;C:\Windows\Sun\Java\bin;C:\Windows\system32;C:\Windows;C:/Program Files/Java/jre1.8.0_141/bin/server;C:/Program Files/Java/jre1.8.0_141/bin;C:/Program Files/Java/jre1.8.0_141/lib/amd64;C:\ProgramData\Oracle\Java\javapath;C:\Windows\system32;C:\Windows;C:\Windows\System32\Wbem;C:\Windows\System32\WindowsPowerShell\v1.0\;C:\Program Files\TortoiseSVN\bin;C:\Program Files (x86)\GtkSharp\2.12\bin;C:\Program Files\Git\cmd;C:\Program Files\Java\jdk1.8.0_141\bin;C:\Program Files\Java\jdk1.8.0_141\jre\bin;C:\Program Files\TortoiseGit\bin;E:\BaiduNetdiskDownload\spring-tool-suite-4-4.2.1.RELEASE-e4.11.0-win32.win32.x86_64\sts-4.2.1.RELEASE;;.]
2019-08-08 20:37:02.407 [localhost-startStop-1] INFO  o.a.c.core.ContainerBase.[Tomcat].[localhost].[/] - Initializing Spring embedded WebApplicationContext
2019-08-08 20:37:02.407 [localhost-startStop-1] INFO  org.springframework.web.context.ContextLoader - Root WebApplicationContext: initialization completed in 1432 ms
2019-08-08 20:37:02.474 [localhost-startStop-1] INFO  o.s.boot.web.servlet.ServletRegistrationBean - Servlet dispatcherServlet mapped to [/]
2019-08-08 20:37:02.478 [localhost-startStop-1] INFO  o.s.boot.web.servlet.FilterRegistrationBean - Mapping filter: 'characterEncodingFilter' to: [/*]
2019-08-08 20:37:02.479 [localhost-startStop-1] INFO  o.s.boot.web.servlet.FilterRegistrationBean - Mapping filter: 'hiddenHttpMethodFilter' to: [/*]
2019-08-08 20:37:02.479 [localhost-startStop-1] INFO  o.s.boot.web.servlet.FilterRegistrationBean - Mapping filter: 'httpPutFormContentFilter' to: [/*]
2019-08-08 20:37:02.479 [localhost-startStop-1] INFO  o.s.boot.web.servlet.FilterRegistrationBean - Mapping filter: 'requestContextFilter' to: [/*]
2019-08-08 20:37:02.599 [main] INFO  com.zaxxer.hikari.HikariDataSource - HikariPool-1 - Starting...
2019-08-08 20:37:02.750 [main] INFO  com.zaxxer.hikari.HikariDataSource - HikariPool-1 - Start completed.
2019-08-08 20:37:02.787 [main] INFO  o.s.orm.jpa.LocalContainerEntityManagerFactoryBean - Building JPA container EntityManagerFactory for persistence unit 'default'
2019-08-08 20:37:02.797 [main] INFO  org.hibernate.jpa.internal.util.LogHelper - HHH000204: Processing PersistenceUnitInfo [
	name: default
	...]
2019-08-08 20:37:02.920 [main] INFO  org.hibernate.Version - HHH000412: Hibernate Core {5.2.17.Final}
2019-08-08 20:37:02.921 [main] INFO  org.hibernate.cfg.Environment - HHH000206: hibernate.properties not found
2019-08-08 20:37:02.956 [main] INFO  org.hibernate.annotations.common.Version - HCANN000001: Hibernate Commons Annotations {5.0.1.Final}
2019-08-08 20:37:03.121 [main] INFO  org.hibernate.dialect.Dialect - HHH000400: Using dialect: org.hibernate.dialect.MySQL5Dialect
2019-08-08 20:37:03.527 [main] WARN  o.h.t.schema.internal.ExceptionHandlerLoggedImpl - GenerationTarget encountered exception accepting command : Error executing DDL via JDBC Statement
org.hibernate.tool.schema.spi.CommandAcceptanceException: Error executing DDL via JDBC Statement
	at org.hibernate.tool.schema.internal.exec.GenerationTargetToDatabase.accept(GenerationTargetToDatabase.java:67)
	at org.hibernate.tool.schema.internal.AbstractSchemaMigrator.applySqlString(AbstractSchemaMigrator.java:559)
	at org.hibernate.tool.schema.internal.AbstractSchemaMigrator.applySqlStrings(AbstractSchemaMigrator.java:504)
	at org.hibernate.tool.schema.internal.AbstractSchemaMigrator.createTable(AbstractSchemaMigrator.java:277)
	at org.hibernate.tool.schema.internal.GroupedSchemaMigratorImpl.performTablesMigration(GroupedSchemaMigratorImpl.java:71)
	at org.hibernate.tool.schema.internal.AbstractSchemaMigrator.performMigration(AbstractSchemaMigrator.java:207)
	at org.hibernate.tool.schema.internal.AbstractSchemaMigrator.doMigration(AbstractSchemaMigrator.java:114)
	at org.hibernate.tool.schema.spi.SchemaManagementToolCoordinator.performDatabaseAction(SchemaManagementToolCoordinator.java:183)
	at org.hibernate.tool.schema.spi.SchemaManagementToolCoordinator.process(SchemaManagementToolCoordinator.java:72)
	at org.hibernate.internal.SessionFactoryImpl.<init>(SessionFactoryImpl.java:312)
	at org.hibernate.boot.internal.SessionFactoryBuilderImpl.build(SessionFactoryBuilderImpl.java:462)
	at org.hibernate.jpa.boot.internal.EntityManagerFactoryBuilderImpl.build(EntityManagerFactoryBuilderImpl.java:892)
	at org.springframework.orm.jpa.vendor.SpringHibernateJpaPersistenceProvider.createContainerEntityManagerFactory(SpringHibernateJpaPersistenceProvider.java:57)
	at org.springframework.orm.jpa.LocalContainerEntityManagerFactoryBean.createNativeEntityManagerFactory(LocalContainerEntityManagerFactoryBean.java:365)
	at org.springframework.orm.jpa.AbstractEntityManagerFactoryBean.buildNativeEntityManagerFactory(AbstractEntityManagerFactoryBean.java:390)
	at org.springframework.orm.jpa.AbstractEntityManagerFactoryBean.afterPropertiesSet(AbstractEntityManagerFactoryBean.java:377)
	at org.springframework.orm.jpa.LocalContainerEntityManagerFactoryBean.afterPropertiesSet(LocalContainerEntityManagerFactoryBean.java:341)
	at org.springframework.beans.factory.support.AbstractAutowireCapableBeanFactory.invokeInitMethods(AbstractAutowireCapableBeanFactory.java:1758)
	at org.springframework.beans.factory.support.AbstractAutowireCapableBeanFactory.initializeBean(AbstractAutowireCapableBeanFactory.java:1695)
	at org.springframework.beans.factory.support.AbstractAutowireCapableBeanFactory.doCreateBean(AbstractAutowireCapableBeanFactory.java:573)
	at org.springframework.beans.factory.support.AbstractAutowireCapableBeanFactory.createBean(AbstractAutowireCapableBeanFactory.java:495)
	at org.springframework.beans.factory.support.AbstractBeanFactory.lambda$doGetBean$0(AbstractBeanFactory.java:317)
	at org.springframework.beans.factory.support.DefaultSingletonBeanRegistry.getSingleton(DefaultSingletonBeanRegistry.java:222)
	at org.springframework.beans.factory.support.AbstractBeanFactory.doGetBean(AbstractBeanFactory.java:315)
	at org.springframework.beans.factory.support.AbstractBeanFactory.getBean(AbstractBeanFactory.java:199)
	at org.springframework.context.support.AbstractApplicationContext.getBean(AbstractApplicationContext.java:1089)
	at org.springframework.context.support.AbstractApplicationContext.finishBeanFactoryInitialization(AbstractApplicationContext.java:859)
	at org.springframework.context.support.AbstractApplicationContext.refresh(AbstractApplicationContext.java:550)
	at org.springframework.boot.web.servlet.context.ServletWebServerApplicationContext.refresh(ServletWebServerApplicationContext.java:140)
	at org.springframework.boot.SpringApplication.refresh(SpringApplication.java:780)
	at org.springframework.boot.SpringApplication.refreshContext(SpringApplication.java:412)
	at org.springframework.boot.SpringApplication.run(SpringApplication.java:333)
	at com.gproject.center.CenterBoot.main(CenterBoot.java:26)
Caused by: com.mysql.jdbc.exceptions.jdbc4.MySQLSyntaxErrorException: Specified key was too long; max key length is 1000 bytes
	at sun.reflect.NativeConstructorAccessorImpl.newInstance0(Native Method)
	at sun.reflect.NativeConstructorAccessorImpl.newInstance(NativeConstructorAccessorImpl.java:62)
	at sun.reflect.DelegatingConstructorAccessorImpl.newInstance(DelegatingConstructorAccessorImpl.java:45)
	at java.lang.reflect.Constructor.newInstance(Constructor.java:423)
	at com.mysql.jdbc.Util.handleNewInstance(Util.java:425)
	at com.mysql.jdbc.Util.getInstance(Util.java:408)
	at com.mysql.jdbc.SQLError.createSQLException(SQLError.java:944)
	at com.mysql.jdbc.MysqlIO.checkErrorPacket(MysqlIO.java:3978)
	at com.mysql.jdbc.MysqlIO.checkErrorPacket(MysqlIO.java:3914)
	at com.mysql.jdbc.MysqlIO.sendCommand(MysqlIO.java:2530)
	at com.mysql.jdbc.MysqlIO.sqlQueryDirect(MysqlIO.java:2683)
	at com.mysql.jdbc.ConnectionImpl.execSQL(ConnectionImpl.java:2491)
	at com.mysql.jdbc.ConnectionImpl.execSQL(ConnectionImpl.java:2449)
	at com.mysql.jdbc.StatementImpl.executeInternal(StatementImpl.java:845)
	at com.mysql.jdbc.StatementImpl.execute(StatementImpl.java:745)
	at com.zaxxer.hikari.pool.ProxyStatement.execute(ProxyStatement.java:95)
	at com.zaxxer.hikari.pool.HikariProxyStatement.execute(HikariProxyStatement.java)
	at org.hibernate.tool.schema.internal.exec.GenerationTargetToDatabase.accept(GenerationTargetToDatabase.java:54)
	... 32 common frames omitted
2019-08-08 20:37:03.530 [main] INFO  o.s.orm.jpa.LocalContainerEntityManagerFactoryBean - Initialized JPA EntityManagerFactory for persistence unit 'default'
2019-08-08 20:37:03.891 [main] INFO  o.s.web.servlet.handler.SimpleUrlHandlerMapping - Mapped URL path [/**/favicon.ico] onto handler of type [class org.springframework.web.servlet.resource.ResourceHttpRequestHandler]
2019-08-08 20:37:04.113 [main] INFO  o.s.w.s.m.m.a.RequestMappingHandlerAdapter - Looking for @ControllerAdvice: org.springframework.boot.web.servlet.context.AnnotationConfigServletWebServerApplicationContext@6379eb: startup date [Thu Aug 08 20:37:00 CST 2019]; root of context hierarchy
2019-08-08 20:37:04.121 [main] INFO  o.s.w.s.m.m.a.RequestMappingHandlerAdapter - Detected ResponseBodyAdvice bean in APIRetAdvice
2019-08-08 20:37:04.143 [main] WARN  o.s.b.a.o.j.JpaBaseConfiguration$JpaWebConfiguration$JpaWebMvcConfiguration - spring.jpa.open-in-view is enabled by default. Therefore, database queries may be performed during view rendering. Explicitly configure spring.jpa.open-in-view to disable this warning
2019-08-08 20:37:04.171 [main] INFO  o.s.w.s.m.m.a.RequestMappingHandlerMapping - Mapped "{[/auth/reload]}" onto public void com.gproject.center.control.GMControl.reload(java.lang.String) throws java.lang.Exception
2019-08-08 20:37:04.172 [main] INFO  o.s.w.s.m.m.a.RequestMappingHandlerMapping - Mapped "{[/auth/uploadExcel]}" onto public java.util.HashSet<java.lang.String> com.gproject.center.control.GMControl.uploadExcel(java.lang.String,org.springframework.web.multipart.MultipartFile) throws java.lang.Exception
2019-08-08 20:37:04.172 [main] INFO  o.s.w.s.m.m.a.RequestMappingHandlerMapping - Mapped "{[/getToken]}" onto public com.gproject.common.dto.json.GMLoginDTO$GMLoginResp com.gproject.center.control.GMControl.getToken(com.gproject.common.dto.json.GMLoginDTO$GMLoginReq)
2019-08-08 20:37:04.172 [main] INFO  o.s.w.s.m.m.a.RequestMappingHandlerMapping - Mapped "{[/cai]}" onto public void com.gproject.center.control.PlayerInitControl.doTest() throws java.lang.Exception
2019-08-08 20:37:04.172 [main] INFO  o.s.w.s.m.m.a.RequestMappingHandlerMapping - Mapped "{[/auth/getRoles]}" onto public byte[] com.gproject.center.control.PlayerInitControl.getRoles(byte[])
2019-08-08 20:37:04.175 [main] INFO  o.s.w.s.m.m.a.RequestMappingHandlerMapping - Mapped "{[/error]}" onto public org.springframework.http.ResponseEntity<java.util.Map<java.lang.String, java.lang.Object>> org.springframework.boot.autoconfigure.web.servlet.error.BasicErrorController.error(javax.servlet.http.HttpServletRequest)
2019-08-08 20:37:04.175 [main] INFO  o.s.w.s.m.m.a.RequestMappingHandlerMapping - Mapped "{[/error],produces=[text/html]}" onto public org.springframework.web.servlet.ModelAndView org.springframework.boot.autoconfigure.web.servlet.error.BasicErrorController.errorHtml(javax.servlet.http.HttpServletRequest,javax.servlet.http.HttpServletResponse)
2019-08-08 20:37:04.201 [main] INFO  o.s.web.servlet.handler.SimpleUrlHandlerMapping - Mapped URL path [/webjars/**] onto handler of type [class org.springframework.web.servlet.resource.ResourceHttpRequestHandler]
2019-08-08 20:37:04.202 [main] INFO  o.s.web.servlet.handler.SimpleUrlHandlerMapping - Mapped URL path [/**] onto handler of type [class org.springframework.web.servlet.resource.ResourceHttpRequestHandler]
2019-08-08 20:37:04.215 [main] INFO  o.s.w.s.m.m.a.ExceptionHandlerExceptionResolver - Detected @ExceptionHandler methods in APIRetAdvice
2019-08-08 20:37:04.215 [main] INFO  o.s.w.s.m.m.a.ExceptionHandlerExceptionResolver - Detected ResponseBodyAdvice implementation in APIRetAdvice
2019-08-08 20:37:04.250 [main] WARN  o.s.b.a.t.ThymeleafAutoConfiguration$DefaultTemplateResolverConfiguration - Cannot find template location: classpath:/templates/ (please add some templates or check your Thymeleaf configuration)
2019-08-08 20:37:04.315 [main] INFO  c.a.jetcache.autoconfigure.AbstractCacheAutoInit - init cache area default , type= linkedhashmap
2019-08-08 20:37:04.339 [main] INFO  c.a.jetcache.support.DefaultCacheMonitorManager - cache stat period at 15 MINUTES
2019-08-08 20:37:04.539 [main] INFO  o.s.w.s.server.standard.ServerEndpointExporter - Registering @ServerEndpoint class: class com.gproject.common.net.GWebSocket
2019-08-08 20:37:04.547 [main] INFO  o.s.jmx.export.annotation.AnnotationMBeanExporter - Registering beans for JMX exposure on startup
2019-08-08 20:37:04.548 [main] INFO  o.s.jmx.export.annotation.AnnotationMBeanExporter - Bean with name 'dataSource' has been autodetected for JMX exposure
2019-08-08 20:37:04.553 [main] INFO  o.s.jmx.export.annotation.AnnotationMBeanExporter - Located MBean 'dataSource': registering with JMX server as MBean [com.zaxxer.hikari:name=dataSource,type=HikariDataSource]
2019-08-08 20:37:04.562 [main] INFO  org.apache.coyote.http11.Http11NioProtocol - Starting ProtocolHandler ["http-nio-9090"]
2019-08-08 20:37:04.632 [main] INFO  org.apache.tomcat.util.net.NioSelectorPool - Using a shared selector for servlet write/read
2019-08-08 20:37:04.644 [main] INFO  o.s.boot.web.embedded.tomcat.TomcatWebServer - Tomcat started on port(s): 9090 (http) with context path ''
2019-08-08 20:37:04.648 [main] INFO  com.gproject.center.CenterBoot - Started CenterBoot in 3.95 seconds (JVM running for 4.473)
2019-08-08 20:37:04.717 [main] INFO  com.gproject.common.staticdata.ExcelService - http://127.0.0.1:9090/excel/cai/HCommonConfig.json==========开始加载数据======
2019-08-08 20:37:04.847 [http-nio-9090-exec-1] INFO  o.a.c.core.ContainerBase.[Tomcat].[localhost].[/] - Initializing Spring FrameworkServlet 'dispatcherServlet'
2019-08-08 20:37:04.847 [http-nio-9090-exec-1] INFO  org.springframework.web.servlet.DispatcherServlet - FrameworkServlet 'dispatcherServlet': initialization started
2019-08-08 20:37:04.867 [http-nio-9090-exec-1] INFO  org.springframework.web.servlet.DispatcherServlet - FrameworkServlet 'dispatcherServlet': initialization completed in 18 ms
2019-08-08 20:37:04.894 [main] INFO  com.gproject.common.staticdata.ExcelService - [{"id":1,"val":"1.0.0","remark":"客户端版本"}]
2019-08-08 20:37:04.936 [main] INFO  com.gproject.common.staticdata.ExcelService - HCommonConfig数据加载成功
2019-08-08 20:37:04.937 [main] INFO  com.gproject.common.staticdata.ExcelService - http://127.0.0.1:9090/excel/cai/HItemConfig.json==========开始加载数据======
2019-08-08 20:37:04.991 [main] INFO  com.gproject.common.staticdata.ExcelService - null
2019-08-08 20:37:04.991 [main] ERROR com.gproject.common.staticdata.ExcelService - 加载数据报错 :HItemConfig
2019-08-08 20:37:04.993 [main] ERROR com.gproject.common.staticdata.ExcelService - java.lang.NullPointerException
	at com.fasterxml.jackson.core.JsonFactory.createParser(JsonFactory.java:889)
	at com.fasterxml.jackson.databind.ObjectMapper.readValue(ObjectMapper.java:3042)
	at com.gproject.common.staticdata.ExcelService.loadData(ExcelService.java:57)
	at com.gproject.common.staticdata.ExcelService.loadAll(ExcelService.java:116)
	at com.gproject.common.staticdata.ExcelService.init(ExcelService.java:128)
	at com.gproject.common.config.AppinitHandler.onApplicationEvent(AppinitHandler.java:28)
	at com.gproject.common.config.AppinitHandler.onApplicationEvent(AppinitHandler.java:1)
	at org.springframework.context.event.SimpleApplicationEventMulticaster.doInvokeListener(SimpleApplicationEventMulticaster.java:172)
	at org.springframework.context.event.SimpleApplicationEventMulticaster.invokeListener(SimpleApplicationEventMulticaster.java:165)
	at org.springframework.context.event.SimpleApplicationEventMulticaster.multicastEvent(SimpleApplicationEventMulticaster.java:139)
	at org.springframework.context.support.AbstractApplicationContext.publishEvent(AbstractApplicationContext.java:400)
	at org.springframework.context.support.AbstractApplicationContext.publishEvent(AbstractApplicationContext.java:354)
	at org.springframework.boot.context.event.EventPublishingRunListener.running(EventPublishingRunListener.java:103)
	at org.springframework.boot.SpringApplicationRunListeners.running(SpringApplicationRunListeners.java:78)
	at org.springframework.boot.SpringApplication.run(SpringApplication.java:349)
	at com.gproject.center.CenterBoot.main(CenterBoot.java:26)

2019-08-08 20:37:04.993 [main] INFO  com.gproject.common.staticdata.ExcelService - http://127.0.0.1:9090/excel/cai/HServerConfig.json==========开始加载数据======
2019-08-08 20:37:04.999 [main] INFO  com.gproject.common.staticdata.ExcelService - [
{"logicId":1,"realId":1,"tcpPort":0,"httpPort":9090,"host":"127.0.0.1","name":"天下无贼"},
{"logicId":2,"realId":1,"tcpPort":0,"httpPort":9090,"host":"127.0.0.1","name":"钢铁天下"}
]
2019-08-08 20:37:05.005 [main] INFO  com.gproject.common.staticdata.ExcelService - HServerConfig数据加载成功
2019-08-08 20:37:05.019 [main] INFO  com.gproject.common.config.AppinitHandler - 执行完毕启动类==================
2019-08-08 20:41:06.805 [RMI TCP Connection(6)-127.0.0.1] INFO  o.s.b.a.SpringApplicationAdminMXBeanRegistrar$SpringApplicationAdmin - Application shutdown requested.
2019-08-08 20:41:06.805 [RMI TCP Connection(6)-127.0.0.1] INFO  o.s.b.w.s.c.AnnotationConfigServletWebServerApplicationContext - Closing org.springframework.boot.web.servlet.context.AnnotationConfigServletWebServerApplicationContext@6379eb: startup date [Thu Aug 08 20:37:00 CST 2019]; root of context hierarchy
2019-08-08 20:41:06.807 [RMI TCP Connection(6)-127.0.0.1] INFO  o.s.jmx.export.annotation.AnnotationMBeanExporter - Unregistering JMX-exposed beans on shutdown
2019-08-08 20:41:06.808 [RMI TCP Connection(6)-127.0.0.1] INFO  o.s.jmx.export.annotation.AnnotationMBeanExporter - Unregistering JMX-exposed beans
2019-08-08 20:41:06.808 [RMI TCP Connection(6)-127.0.0.1] INFO  c.a.jetcache.support.DefaultCacheMonitorManager - cache stat canceled
2019-08-08 20:41:06.810 [RMI TCP Connection(6)-127.0.0.1] INFO  o.s.orm.jpa.LocalContainerEntityManagerFactoryBean - Closing JPA EntityManagerFactory for persistence unit 'default'
2019-08-08 20:41:06.810 [RMI TCP Connection(6)-127.0.0.1] INFO  com.zaxxer.hikari.HikariDataSource - HikariPool-1 - Shutdown initiated...
2019-08-08 20:41:06.816 [RMI TCP Connection(6)-127.0.0.1] INFO  com.zaxxer.hikari.HikariDataSource - HikariPool-1 - Shutdown completed.
2019-08-08 20:41:25.030 [main] INFO  com.gproject.center.CenterBoot - Starting CenterBoot on YW-01B-0535 with PID 9516 (E:\cai-code\git\gproject\center-server\target\classes started by YW1825 in E:\cai-code\git\gproject\center-server)
2019-08-08 20:41:25.033 [main] INFO  com.gproject.center.CenterBoot - No active profile set, falling back to default profiles: default
2019-08-08 20:41:25.068 [main] INFO  o.s.b.w.s.c.AnnotationConfigServletWebServerApplicationContext - Refreshing org.springframework.boot.web.servlet.context.AnnotationConfigServletWebServerApplicationContext@294425a7: startup date [Thu Aug 08 20:41:25 CST 2019]; root of context hierarchy
2019-08-08 20:41:25.985 [main] INFO  o.s.c.s.PostProcessorRegistrationDelegate$BeanPostProcessorChecker - Bean 'org.springframework.transaction.annotation.ProxyTransactionManagementConfiguration' of type [org.springframework.transaction.annotation.ProxyTransactionManagementConfiguration$$EnhancerBySpringCGLIB$$2077afe8] is not eligible for getting processed by all BeanPostProcessors (for example: not eligible for auto-proxying)
2019-08-08 20:41:26.015 [main] INFO  o.s.c.s.PostProcessorRegistrationDelegate$BeanPostProcessorChecker - Bean 'com.alicp.jetcache.anno.config.JetCacheProxyConfiguration' of type [com.alicp.jetcache.anno.config.JetCacheProxyConfiguration$$EnhancerBySpringCGLIB$$2cdf72ff] is not eligible for getting processed by all BeanPostProcessors (for example: not eligible for auto-proxying)
2019-08-08 20:41:26.329 [main] INFO  o.s.boot.web.embedded.tomcat.TomcatWebServer - Tomcat initialized with port(s): 9090 (http)
2019-08-08 20:41:26.340 [main] INFO  org.apache.coyote.http11.Http11NioProtocol - Initializing ProtocolHandler ["http-nio-9090"]
2019-08-08 20:41:26.350 [main] INFO  org.apache.catalina.core.StandardService - Starting service [Tomcat]
2019-08-08 20:41:26.350 [main] INFO  org.apache.catalina.core.StandardEngine - Starting Servlet Engine: Apache Tomcat/8.5.34
2019-08-08 20:41:26.354 [localhost-startStop-1] INFO  org.apache.catalina.core.AprLifecycleListener - The APR based Apache Tomcat Native library which allows optimal performance in production environments was not found on the java.library.path: [C:\Program Files\Java\jdk1.8.0_141\bin;C:\Windows\Sun\Java\bin;C:\Windows\system32;C:\Windows;C:/Program Files/Java/jre1.8.0_141/bin/server;C:/Program Files/Java/jre1.8.0_141/bin;C:/Program Files/Java/jre1.8.0_141/lib/amd64;C:\ProgramData\Oracle\Java\javapath;C:\Windows\system32;C:\Windows;C:\Windows\System32\Wbem;C:\Windows\System32\WindowsPowerShell\v1.0\;C:\Program Files\TortoiseSVN\bin;C:\Program Files (x86)\GtkSharp\2.12\bin;C:\Program Files\Git\cmd;C:\Program Files\Java\jdk1.8.0_141\bin;C:\Program Files\Java\jdk1.8.0_141\jre\bin;C:\Program Files\TortoiseGit\bin;E:\BaiduNetdiskDownload\spring-tool-suite-4-4.2.1.RELEASE-e4.11.0-win32.win32.x86_64\sts-4.2.1.RELEASE;;.]
2019-08-08 20:41:26.469 [localhost-startStop-1] INFO  o.a.c.core.ContainerBase.[Tomcat].[localhost].[/] - Initializing Spring embedded WebApplicationContext
2019-08-08 20:41:26.469 [localhost-startStop-1] INFO  org.springframework.web.context.ContextLoader - Root WebApplicationContext: initialization completed in 1401 ms
2019-08-08 20:41:26.538 [localhost-startStop-1] INFO  o.s.boot.web.servlet.ServletRegistrationBean - Servlet dispatcherServlet mapped to [/]
2019-08-08 20:41:26.542 [localhost-startStop-1] INFO  o.s.boot.web.servlet.FilterRegistrationBean - Mapping filter: 'characterEncodingFilter' to: [/*]
2019-08-08 20:41:26.542 [localhost-startStop-1] INFO  o.s.boot.web.servlet.FilterRegistrationBean - Mapping filter: 'hiddenHttpMethodFilter' to: [/*]
2019-08-08 20:41:26.542 [localhost-startStop-1] INFO  o.s.boot.web.servlet.FilterRegistrationBean - Mapping filter: 'httpPutFormContentFilter' to: [/*]
2019-08-08 20:41:26.543 [localhost-startStop-1] INFO  o.s.boot.web.servlet.FilterRegistrationBean - Mapping filter: 'requestContextFilter' to: [/*]
2019-08-08 20:41:26.659 [main] INFO  com.zaxxer.hikari.HikariDataSource - HikariPool-1 - Starting...
2019-08-08 20:41:26.807 [main] INFO  com.zaxxer.hikari.HikariDataSource - HikariPool-1 - Start completed.
2019-08-08 20:41:26.842 [main] INFO  o.s.orm.jpa.LocalContainerEntityManagerFactoryBean - Building JPA container EntityManagerFactory for persistence unit 'default'
2019-08-08 20:41:26.853 [main] INFO  org.hibernate.jpa.internal.util.LogHelper - HHH000204: Processing PersistenceUnitInfo [
	name: default
	...]
2019-08-08 20:41:26.982 [main] INFO  org.hibernate.Version - HHH000412: Hibernate Core {5.2.17.Final}
2019-08-08 20:41:26.983 [main] INFO  org.hibernate.cfg.Environment - HHH000206: hibernate.properties not found
2019-08-08 20:41:27.019 [main] INFO  org.hibernate.annotations.common.Version - HCANN000001: Hibernate Commons Annotations {5.0.1.Final}
2019-08-08 20:41:27.188 [main] INFO  org.hibernate.dialect.Dialect - HHH000400: Using dialect: org.hibernate.dialect.MySQL5Dialect
2019-08-08 20:41:27.679 [main] INFO  o.s.orm.jpa.LocalContainerEntityManagerFactoryBean - Initialized JPA EntityManagerFactory for persistence unit 'default'
2019-08-08 20:41:28.031 [main] INFO  o.s.web.servlet.handler.SimpleUrlHandlerMapping - Mapped URL path [/**/favicon.ico] onto handler of type [class org.springframework.web.servlet.resource.ResourceHttpRequestHandler]
2019-08-08 20:41:28.233 [main] INFO  o.s.w.s.m.m.a.RequestMappingHandlerAdapter - Looking for @ControllerAdvice: org.springframework.boot.web.servlet.context.AnnotationConfigServletWebServerApplicationContext@294425a7: startup date [Thu Aug 08 20:41:25 CST 2019]; root of context hierarchy
2019-08-08 20:41:28.241 [main] INFO  o.s.w.s.m.m.a.RequestMappingHandlerAdapter - Detected ResponseBodyAdvice bean in APIRetAdvice
2019-08-08 20:41:28.260 [main] WARN  o.s.b.a.o.j.JpaBaseConfiguration$JpaWebConfiguration$JpaWebMvcConfiguration - spring.jpa.open-in-view is enabled by default. Therefore, database queries may be performed during view rendering. Explicitly configure spring.jpa.open-in-view to disable this warning
2019-08-08 20:41:28.287 [main] INFO  o.s.w.s.m.m.a.RequestMappingHandlerMapping - Mapped "{[/auth/reload]}" onto public void com.gproject.center.control.GMControl.reload(java.lang.String) throws java.lang.Exception
2019-08-08 20:41:28.288 [main] INFO  o.s.w.s.m.m.a.RequestMappingHandlerMapping - Mapped "{[/auth/uploadExcel]}" onto public java.util.HashSet<java.lang.String> com.gproject.center.control.GMControl.uploadExcel(java.lang.String,org.springframework.web.multipart.MultipartFile) throws java.lang.Exception
2019-08-08 20:41:28.288 [main] INFO  o.s.w.s.m.m.a.RequestMappingHandlerMapping - Mapped "{[/getToken]}" onto public com.gproject.common.dto.json.GMLoginDTO$GMLoginResp com.gproject.center.control.GMControl.getToken(com.gproject.common.dto.json.GMLoginDTO$GMLoginReq)
2019-08-08 20:41:28.289 [main] INFO  o.s.w.s.m.m.a.RequestMappingHandlerMapping - Mapped "{[/cai]}" onto public void com.gproject.center.control.PlayerInitControl.doTest() throws java.lang.Exception
2019-08-08 20:41:28.289 [main] INFO  o.s.w.s.m.m.a.RequestMappingHandlerMapping - Mapped "{[/auth/getRoles]}" onto public byte[] com.gproject.center.control.PlayerInitControl.getRoles(byte[])
2019-08-08 20:41:28.292 [main] INFO  o.s.w.s.m.m.a.RequestMappingHandlerMapping - Mapped "{[/error]}" onto public org.springframework.http.ResponseEntity<java.util.Map<java.lang.String, java.lang.Object>> org.springframework.boot.autoconfigure.web.servlet.error.BasicErrorController.error(javax.servlet.http.HttpServletRequest)
2019-08-08 20:41:28.292 [main] INFO  o.s.w.s.m.m.a.RequestMappingHandlerMapping - Mapped "{[/error],produces=[text/html]}" onto public org.springframework.web.servlet.ModelAndView org.springframework.boot.autoconfigure.web.servlet.error.BasicErrorController.errorHtml(javax.servlet.http.HttpServletRequest,javax.servlet.http.HttpServletResponse)
2019-08-08 20:41:28.318 [main] INFO  o.s.web.servlet.handler.SimpleUrlHandlerMapping - Mapped URL path [/webjars/**] onto handler of type [class org.springframework.web.servlet.resource.ResourceHttpRequestHandler]
2019-08-08 20:41:28.318 [main] INFO  o.s.web.servlet.handler.SimpleUrlHandlerMapping - Mapped URL path [/**] onto handler of type [class org.springframework.web.servlet.resource.ResourceHttpRequestHandler]
2019-08-08 20:41:28.331 [main] INFO  o.s.w.s.m.m.a.ExceptionHandlerExceptionResolver - Detected @ExceptionHandler methods in APIRetAdvice
2019-08-08 20:41:28.332 [main] INFO  o.s.w.s.m.m.a.ExceptionHandlerExceptionResolver - Detected ResponseBodyAdvice implementation in APIRetAdvice
2019-08-08 20:41:28.365 [main] WARN  o.s.b.a.t.ThymeleafAutoConfiguration$DefaultTemplateResolverConfiguration - Cannot find template location: classpath:/templates/ (please add some templates or check your Thymeleaf configuration)
2019-08-08 20:41:28.429 [main] INFO  c.a.jetcache.autoconfigure.AbstractCacheAutoInit - init cache area default , type= linkedhashmap
2019-08-08 20:41:28.444 [main] INFO  c.a.jetcache.support.DefaultCacheMonitorManager - cache stat period at 15 MINUTES
2019-08-08 20:41:28.649 [main] INFO  o.s.w.s.server.standard.ServerEndpointExporter - Registering @ServerEndpoint class: class com.gproject.common.net.GWebSocket
2019-08-08 20:41:28.656 [main] INFO  o.s.jmx.export.annotation.AnnotationMBeanExporter - Registering beans for JMX exposure on startup
2019-08-08 20:41:28.657 [main] INFO  o.s.jmx.export.annotation.AnnotationMBeanExporter - Bean with name 'dataSource' has been autodetected for JMX exposure
2019-08-08 20:41:28.663 [main] INFO  o.s.jmx.export.annotation.AnnotationMBeanExporter - Located MBean 'dataSource': registering with JMX server as MBean [com.zaxxer.hikari:name=dataSource,type=HikariDataSource]
2019-08-08 20:41:28.672 [main] INFO  org.apache.coyote.http11.Http11NioProtocol - Starting ProtocolHandler ["http-nio-9090"]
2019-08-08 20:41:28.681 [main] INFO  org.apache.tomcat.util.net.NioSelectorPool - Using a shared selector for servlet write/read
2019-08-08 20:41:28.693 [main] INFO  o.s.boot.web.embedded.tomcat.TomcatWebServer - Tomcat started on port(s): 9090 (http) with context path ''
2019-08-08 20:41:28.696 [main] INFO  com.gproject.center.CenterBoot - Started CenterBoot in 3.889 seconds (JVM running for 4.496)
2019-08-08 20:41:28.761 [main] INFO  com.gproject.common.staticdata.ExcelService - http://127.0.0.1:9090/excel/cai/HCommonConfig.json==========开始加载数据======
2019-08-08 20:41:28.810 [http-nio-9090-exec-1] INFO  o.a.c.core.ContainerBase.[Tomcat].[localhost].[/] - Initializing Spring FrameworkServlet 'dispatcherServlet'
2019-08-08 20:41:28.811 [http-nio-9090-exec-1] INFO  org.springframework.web.servlet.DispatcherServlet - FrameworkServlet 'dispatcherServlet': initialization started
2019-08-08 20:41:28.830 [http-nio-9090-exec-1] INFO  org.springframework.web.servlet.DispatcherServlet - FrameworkServlet 'dispatcherServlet': initialization completed in 19 ms
2019-08-08 20:41:28.855 [main] INFO  com.gproject.common.staticdata.ExcelService - [{"id":1,"val":"1.0.0","remark":"客户端版本"}]
2019-08-08 20:41:28.896 [main] INFO  com.gproject.common.staticdata.ExcelService - HCommonConfig数据加载成功
2019-08-08 20:41:28.896 [main] INFO  com.gproject.common.staticdata.ExcelService - http://127.0.0.1:9090/excel/cai/HItemConfig.json==========开始加载数据======
2019-08-08 20:41:28.945 [main] INFO  com.gproject.common.staticdata.ExcelService - null
2019-08-08 20:41:28.945 [main] ERROR com.gproject.common.staticdata.ExcelService - 加载数据报错 :HItemConfig
2019-08-08 20:41:28.947 [main] ERROR com.gproject.common.staticdata.ExcelService - java.lang.NullPointerException
	at com.fasterxml.jackson.core.JsonFactory.createParser(JsonFactory.java:889)
	at com.fasterxml.jackson.databind.ObjectMapper.readValue(ObjectMapper.java:3042)
	at com.gproject.common.staticdata.ExcelService.loadData(ExcelService.java:57)
	at com.gproject.common.staticdata.ExcelService.loadAll(ExcelService.java:116)
	at com.gproject.common.staticdata.ExcelService.init(ExcelService.java:128)
	at com.gproject.common.config.AppinitHandler.onApplicationEvent(AppinitHandler.java:28)
	at com.gproject.common.config.AppinitHandler.onApplicationEvent(AppinitHandler.java:1)
	at org.springframework.context.event.SimpleApplicationEventMulticaster.doInvokeListener(SimpleApplicationEventMulticaster.java:172)
	at org.springframework.context.event.SimpleApplicationEventMulticaster.invokeListener(SimpleApplicationEventMulticaster.java:165)
	at org.springframework.context.event.SimpleApplicationEventMulticaster.multicastEvent(SimpleApplicationEventMulticaster.java:139)
	at org.springframework.context.support.AbstractApplicationContext.publishEvent(AbstractApplicationContext.java:400)
	at org.springframework.context.support.AbstractApplicationContext.publishEvent(AbstractApplicationContext.java:354)
	at org.springframework.boot.context.event.EventPublishingRunListener.running(EventPublishingRunListener.java:103)
	at org.springframework.boot.SpringApplicationRunListeners.running(SpringApplicationRunListeners.java:78)
	at org.springframework.boot.SpringApplication.run(SpringApplication.java:349)
	at com.gproject.center.CenterBoot.main(CenterBoot.java:26)

2019-08-08 20:41:28.947 [main] INFO  com.gproject.common.staticdata.ExcelService - http://127.0.0.1:9090/excel/cai/HServerConfig.json==========开始加载数据======
2019-08-08 20:41:28.952 [main] INFO  com.gproject.common.staticdata.ExcelService - [
{"logicId":1,"realId":1,"tcpPort":0,"httpPort":9090,"host":"127.0.0.1","name":"天下无贼"},
{"logicId":2,"realId":1,"tcpPort":0,"httpPort":9090,"host":"127.0.0.1","name":"钢铁天下"}
]
2019-08-08 20:41:28.958 [main] INFO  com.gproject.common.staticdata.ExcelService - HServerConfig数据加载成功
2019-08-08 20:41:28.971 [main] INFO  com.gproject.common.config.AppinitHandler - 执行完毕启动类==================
2019-08-08 20:42:27.562 [RMI TCP Connection(3)-127.0.0.1] INFO  o.s.b.a.SpringApplicationAdminMXBeanRegistrar$SpringApplicationAdmin - Application shutdown requested.
2019-08-08 20:42:27.562 [RMI TCP Connection(3)-127.0.0.1] INFO  o.s.b.w.s.c.AnnotationConfigServletWebServerApplicationContext - Closing org.springframework.boot.web.servlet.context.AnnotationConfigServletWebServerApplicationContext@294425a7: startup date [Thu Aug 08 20:41:25 CST 2019]; root of context hierarchy
2019-08-08 20:42:27.564 [RMI TCP Connection(3)-127.0.0.1] INFO  o.s.jmx.export.annotation.AnnotationMBeanExporter - Unregistering JMX-exposed beans on shutdown
2019-08-08 20:42:27.564 [RMI TCP Connection(3)-127.0.0.1] INFO  o.s.jmx.export.annotation.AnnotationMBeanExporter - Unregistering JMX-exposed beans
2019-08-08 20:42:27.564 [RMI TCP Connection(3)-127.0.0.1] INFO  c.a.jetcache.support.DefaultCacheMonitorManager - cache stat canceled
2019-08-08 20:42:27.565 [RMI TCP Connection(3)-127.0.0.1] INFO  o.s.orm.jpa.LocalContainerEntityManagerFactoryBean - Closing JPA EntityManagerFactory for persistence unit 'default'
2019-08-08 20:42:27.566 [RMI TCP Connection(3)-127.0.0.1] INFO  com.zaxxer.hikari.HikariDataSource - HikariPool-1 - Shutdown initiated...
2019-08-08 20:42:27.570 [RMI TCP Connection(3)-127.0.0.1] INFO  com.zaxxer.hikari.HikariDataSource - HikariPool-1 - Shutdown completed.
